{
  "stats": {
    "suites": 2,
    "tests": 3,
    "passes": 2,
    "pending": 0,
    "failures": 1,
    "start": "2021-09-05T15:37:36.313Z",
    "end": "2021-09-05T15:37:57.576Z",
    "duration": 21263,
    "testsRegistered": 3,
    "passPercent": 66.66666666666666,
    "pendingPercent": 0,
    "other": 0,
    "hasOther": false,
    "skipped": 0,
    "hasSkipped": false
  },
  "results": [
    {
      "uuid": "96287528-f036-49f7-83c4-27966f1320e0",
      "title": "",
      "fullFile": "",
      "file": "",
      "beforeHooks": [],
      "afterHooks": [],
      "tests": [],
      "suites": [
        {
          "uuid": "50ca545c-cb1e-4ba6-87d1-1174b7bf1155",
          "title": "Add To Do Test",
          "fullFile": "C:\\Users\\Vea Edriana\\Desktop\\Automation Projects\\Lambdatest-Course\\tests\\firstTest.js",
          "file": "\\tests\\firstTest.js",
          "beforeHooks": [],
          "afterHooks": [],
          "tests": [
            {
              "title": "Successfully Adds To Do",
              "fullTitle": "Add To Do Test Successfully Adds To Do",
              "timedOut": null,
              "duration": 6951,
              "state": "passed",
              "speed": "slow",
              "pass": true,
              "fail": false,
              "pending": false,
              "context": null,
              "code": "let driver = await new Builder().forBrowser(\"firefox\").build()\nawait driver.get('https://lambdatest.github.io/sample-todo-app/')\nawait driver.findElement(By.id('sampletodotext')).sendKeys('Learn Selenium', Key.RETURN);\n\nlet todoText = await driver.findElement(By.xpath('//li[last()]/span')).getText().then((value) => {return value})\ntodoText.should.equal('Learn Selenium')\nawait driver.quit()",
              "err": {},
              "uuid": "757f9a45-3998-4321-baee-b14bfb08aa70",
              "parentUUID": "50ca545c-cb1e-4ba6-87d1-1174b7bf1155",
              "isHook": false,
              "skipped": false
            }
          ],
          "suites": [],
          "passes": [
            "757f9a45-3998-4321-baee-b14bfb08aa70"
          ],
          "failures": [],
          "pending": [],
          "skipped": [],
          "duration": 6951,
          "root": false,
          "rootEmpty": false,
          "_timeout": null
        },
        {
          "uuid": "7077e0c0-1883-48fa-a1bc-74f814701baa",
          "title": "Add Another To Do Test",
          "fullFile": "C:\\Users\\Vea Edriana\\Desktop\\Automation Projects\\Lambdatest-Course\\tests\\secondTest.js",
          "file": "\\tests\\secondTest.js",
          "beforeHooks": [
            {
              "title": "\"before each\" hook in \"Add Another To Do Test\"",
              "fullTitle": "Add Another To Do Test \"before each\" hook in \"Add Another To Do Test\"",
              "timedOut": null,
              "duration": 1,
              "state": null,
              "speed": null,
              "pass": false,
              "fail": false,
              "pending": null,
              "context": null,
              "code": "LT_CAPABILITIES.capabilities.name = this.currentTest.title\ndriver = new Builder().usingServer(GRID_URL).withCapabilities(LT_CAPABILITIES.capabilities).build();",
              "err": {},
              "uuid": "25739e9e-c576-4cd7-b066-4ff5985ad665",
              "parentUUID": "7077e0c0-1883-48fa-a1bc-74f814701baa",
              "isHook": true,
              "skipped": false
            }
          ],
          "afterHooks": [
            {
              "title": "\"after each\" hook in \"Add Another To Do Test\"",
              "fullTitle": "Add Another To Do Test \"after each\" hook in \"Add Another To Do Test\"",
              "timedOut": null,
              "duration": 0,
              "state": null,
              "speed": null,
              "pass": false,
              "fail": false,
              "pending": null,
              "context": null,
              "code": "driver.quit()",
              "err": {},
              "uuid": "8f79ec89-3244-4242-acd1-fed042208cc5",
              "parentUUID": "7077e0c0-1883-48fa-a1bc-74f814701baa",
              "isHook": true,
              "skipped": false
            }
          ],
          "tests": [
            {
              "title": "Successfully Add Another To Do",
              "fullTitle": "Add Another To Do Test Successfully Add Another To Do",
              "timedOut": null,
              "duration": 6728,
              "state": "passed",
              "speed": "slow",
              "pass": true,
              "fail": false,
              "pending": false,
              "context": null,
              "code": "//let driver = await new Builder().forBrowser(\"firefox\").build()\n       \nawait driver.get('https://lambdatest.github.io/sample-todo-app/')\nawait driver.findElement(By.id('sampletodotext')).sendKeys('Learn Selenium', Key.RETURN);\n\nlet todoText = await driver.findElement(By.xpath('//li[last()]/span')).getText().then((value) => {return value})\ntodoText.should.equal('Learn Selenium')",
              "err": {},
              "uuid": "e21caf8b-dbc7-4db6-b05a-3cb522a0c911",
              "parentUUID": "7077e0c0-1883-48fa-a1bc-74f814701baa",
              "isHook": false,
              "skipped": false
            },
            {
              "title": "Successfully Add Another To Do",
              "fullTitle": "Add Another To Do Test Successfully Add Another To Do",
              "timedOut": null,
              "duration": 13504,
              "state": "failed",
              "speed": null,
              "pass": false,
              "fail": true,
              "pending": false,
              "context": null,
              "code": "//let driver = await new Builder().forBrowser(\"firefox\").build()\n       \nawait driver.get('https://lambdatest.github.io/sample-todo-app/')\nawait driver.findElement(By.id('sampletodotext')).sendKeys('Learn Selenium', Key.RETURN);\n\nlet todoText = await driver.findElement(By.xpath('//li[last()]/span')).getText().then((value) => {return value})\ntodoText.should.equal('Learn Seleniums')",
              "err": {
                "message": "AssertionError: expected 'Learn Selenium' to equal 'Learn Seleniums'",
                "estack": "AssertionError: expected 'Learn Selenium' to equal 'Learn Seleniums'\n    at Context.<anonymous> (tests\\secondTest.js:40:25)\n    at processTicksAndRejections (node:internal/process/task_queues:96:5)",
                "diff": "- Learn Selenium\n+ Learn Seleniums\n"
              },
              "uuid": "95518a47-5cce-461d-ae19-4adf5bc7022f",
              "parentUUID": "7077e0c0-1883-48fa-a1bc-74f814701baa",
              "isHook": false,
              "skipped": false
            }
          ],
          "suites": [],
          "passes": [
            "e21caf8b-dbc7-4db6-b05a-3cb522a0c911"
          ],
          "failures": [
            "95518a47-5cce-461d-ae19-4adf5bc7022f"
          ],
          "pending": [],
          "skipped": [],
          "duration": 20232,
          "root": false,
          "rootEmpty": false,
          "_timeout": null
        }
      ],
      "passes": [],
      "failures": [],
      "pending": [],
      "skipped": [],
      "duration": 0,
      "root": true,
      "rootEmpty": true,
      "_timeout": 0
    }
  ],
  "meta": {
    "mocha": {
      "version": "9.1.1"
    },
    "mochawesome": {
      "options": {
        "quiet": false,
        "reportFilename": "mochawesome",
        "saveHtml": true,
        "saveJson": true,
        "consoleReporter": "spec",
        "useInlineDiffs": false,
        "code": true
      },
      "version": "6.2.2"
    },
    "marge": {
      "options": null,
      "version": "5.2.0"
    }
  }
}